# Logfile created on 2014-04-12 14:40:55 -0700 by logger.rb/41954
I, [2014-04-12T14:40:55.691281 #3983]  INFO -- : 0:  rake (10.2.2) from /Users/ejcummins/.rvm/gems/ruby-2.0.0-p353/specifications/rake-10.2.2.gemspec
I, [2014-04-12T14:40:55.691953 #3983]  INFO -- : 0:  i18n (0.6.9) from /Users/ejcummins/.rvm/gems/ruby-2.0.0-p353/specifications/i18n-0.6.9.gemspec
I, [2014-04-12T14:40:55.692370 #3983]  INFO -- : 0:  json (1.8.1) from /Users/ejcummins/.rvm/gems/ruby-2.0.0-p353/specifications/json-1.8.1.gemspec
I, [2014-04-12T14:40:55.692799 #3983]  INFO -- : 0:  minitest (5.3.2) from /Users/ejcummins/.rvm/gems/ruby-2.0.0-p353/specifications/minitest-5.3.2.gemspec
I, [2014-04-12T14:40:55.693206 #3983]  INFO -- : 0:  thread_safe (0.3.3) from /Users/ejcummins/.rvm/gems/ruby-2.0.0-p353/specifications/thread_safe-0.3.3.gemspec
I, [2014-04-12T14:40:55.693614 #3983]  INFO -- : 0:  tzinfo (1.1.0) from /Users/ejcummins/.rvm/gems/ruby-2.0.0-p353/specifications/tzinfo-1.1.0.gemspec
I, [2014-04-12T14:40:55.694015 #3983]  INFO -- : 0:  activesupport (4.1.0) from /Users/ejcummins/.rvm/gems/ruby-2.0.0-p353/specifications/activesupport-4.1.0.gemspec
I, [2014-04-12T14:40:55.694438 #3983]  INFO -- : 0:  builder (3.2.2) from /Users/ejcummins/.rvm/gems/ruby-2.0.0-p353/specifications/builder-3.2.2.gemspec
I, [2014-04-12T14:40:55.694831 #3983]  INFO -- : 0:  activemodel (4.1.0) from /Users/ejcummins/.rvm/gems/ruby-2.0.0-p353/specifications/activemodel-4.1.0.gemspec
I, [2014-04-12T14:40:55.695226 #3983]  INFO -- : 0:  arel (5.0.0) from /Users/ejcummins/.rvm/gems/ruby-2.0.0-p353/specifications/arel-5.0.0.gemspec
I, [2014-04-12T14:40:55.695646 #3983]  INFO -- : 0:  activerecord (4.1.0) from /Users/ejcummins/.rvm/gems/ruby-2.0.0-p353/specifications/activerecord-4.1.0.gemspec
I, [2014-04-12T14:40:55.696039 #3983]  INFO -- : 0:  backports (3.6.0) from /Users/ejcummins/.rvm/gems/ruby-2.0.0-p353/specifications/backports-3.6.0.gemspec
I, [2014-04-12T14:40:55.696445 #3983]  INFO -- : 0:  bcrypt (3.1.7) from /Users/ejcummins/.rvm/gems/ruby-2.0.0-p353/specifications/bcrypt-3.1.7.gemspec
I, [2014-04-12T14:40:55.696841 #3983]  INFO -- : 0:  bcrypt-ruby (3.1.5) from /Users/ejcummins/.rvm/gems/ruby-2.0.0-p353/specifications/bcrypt-ruby-3.1.5.gemspec
I, [2014-04-12T14:40:55.697234 #3983]  INFO -- : 0:  mime-types (2.2) from /Users/ejcummins/.rvm/gems/ruby-2.0.0-p353/specifications/mime-types-2.2.gemspec
I, [2014-04-12T14:40:55.697664 #3983]  INFO -- : 0:  mini_portile (0.5.3) from /Users/ejcummins/.rvm/gems/ruby-2.0.0-p353/specifications/mini_portile-0.5.3.gemspec
I, [2014-04-12T14:40:55.698058 #3983]  INFO -- : 0:  nokogiri (1.6.1) from /Users/ejcummins/.rvm/gems/ruby-2.0.0-p353/specifications/nokogiri-1.6.1.gemspec
I, [2014-04-12T14:40:55.698467 #3983]  INFO -- : 0:  rack (1.5.2) from /Users/ejcummins/.rvm/gems/ruby-2.0.0-p353/specifications/rack-1.5.2.gemspec
I, [2014-04-12T14:40:55.698849 #3983]  INFO -- : 0:  rack-test (0.6.2) from /Users/ejcummins/.rvm/gems/ruby-2.0.0-p353/specifications/rack-test-0.6.2.gemspec
I, [2014-04-12T14:40:55.699250 #3983]  INFO -- : 0:  xpath (2.0.0) from /Users/ejcummins/.rvm/gems/ruby-2.0.0-p353/specifications/xpath-2.0.0.gemspec
I, [2014-04-12T14:40:55.699637 #3983]  INFO -- : 0:  capybara (2.2.1) from /Users/ejcummins/.rvm/gems/ruby-2.0.0-p353/specifications/capybara-2.2.1.gemspec
I, [2014-04-12T14:40:55.700050 #3983]  INFO -- : 0:  daemons (1.1.9) from /Users/ejcummins/.rvm/gems/ruby-2.0.0-p353/specifications/daemons-1.1.9.gemspec
I, [2014-04-12T14:40:55.883202 #3983]  INFO -- : 0:  database_cleaner (1.2.0) from /Users/ejcummins/.rvm/gems/ruby-2.0.0-p353/bundler/gems/database_cleaner-35bd646903fc/database_cleaner.gemspec
I, [2014-04-12T14:40:55.883773 #3983]  INFO -- : 0:  diff-lcs (1.2.5) from /Users/ejcummins/.rvm/gems/ruby-2.0.0-p353/specifications/diff-lcs-1.2.5.gemspec
I, [2014-04-12T14:40:55.884170 #3983]  INFO -- : 0:  eventmachine (1.0.3) from /Users/ejcummins/.rvm/gems/ruby-2.0.0-p353/specifications/eventmachine-1.0.3.gemspec
I, [2014-04-12T14:40:57.459752 #3983]  INFO -- : 0:  factory_girl (2.0.5) from /Users/ejcummins/.rvm/gems/ruby-2.0.0-p353/specifications/factory_girl-2.0.5.gemspec
I, [2014-04-12T14:40:57.460353 #3983]  INFO -- : 0:  faker (1.3.0) from /Users/ejcummins/.rvm/gems/ruby-2.0.0-p353/specifications/faker-1.3.0.gemspec
I, [2014-04-12T14:40:57.460746 #3983]  INFO -- : 0:  multi_json (1.9.2) from /Users/ejcummins/.rvm/gems/ruby-2.0.0-p353/specifications/multi_json-1.9.2.gemspec
I, [2014-04-12T14:40:57.461120 #3983]  INFO -- : 0:  pg (0.17.1) from /Users/ejcummins/.rvm/gems/ruby-2.0.0-p353/specifications/pg-0.17.1.gemspec
I, [2014-04-12T14:40:57.461494 #3983]  INFO -- : 0:  rack-protection (1.5.3) from /Users/ejcummins/.rvm/gems/ruby-2.0.0-p353/specifications/rack-protection-1.5.3.gemspec
I, [2014-04-12T14:40:57.461872 #3983]  INFO -- : 0:  rspec-core (2.14.8) from /Users/ejcummins/.rvm/gems/ruby-2.0.0-p353/specifications/rspec-core-2.14.8.gemspec
I, [2014-04-12T14:40:57.462241 #3983]  INFO -- : 0:  rspec-expectations (2.14.5) from /Users/ejcummins/.rvm/gems/ruby-2.0.0-p353/specifications/rspec-expectations-2.14.5.gemspec
I, [2014-04-12T14:40:57.462611 #3983]  INFO -- : 0:  rspec-mocks (2.14.6) from /Users/ejcummins/.rvm/gems/ruby-2.0.0-p353/specifications/rspec-mocks-2.14.6.gemspec
I, [2014-04-12T14:40:57.462971 #3983]  INFO -- : 0:  rspec (2.14.1) from /Users/ejcummins/.rvm/gems/ruby-2.0.0-p353/specifications/rspec-2.14.1.gemspec
I, [2014-04-12T14:40:57.463323 #3983]  INFO -- : 0:  shotgun (0.9) from /Users/ejcummins/.rvm/gems/ruby-2.0.0-p353/specifications/shotgun-0.9.gemspec
I, [2014-04-12T14:40:57.463680 #3983]  INFO -- : 0:  shoulda-matchers (2.5.0) from /Users/ejcummins/.rvm/gems/ruby-2.0.0-p353/specifications/shoulda-matchers-2.5.0.gemspec
I, [2014-04-12T14:40:57.464041 #3983]  INFO -- : 0:  tilt (1.4.1) from /Users/ejcummins/.rvm/gems/ruby-2.0.0-p353/specifications/tilt-1.4.1.gemspec
I, [2014-04-12T14:40:57.464438 #3983]  INFO -- : 0:  sinatra (1.4.5) from /Users/ejcummins/.rvm/gems/ruby-2.0.0-p353/specifications/sinatra-1.4.5.gemspec
I, [2014-04-12T14:40:57.464816 #3983]  INFO -- : 0:  sinatra-contrib (1.4.2) from /Users/ejcummins/.rvm/gems/ruby-2.0.0-p353/specifications/sinatra-contrib-1.4.2.gemspec
I, [2014-04-12T14:40:57.465184 #3983]  INFO -- : 0:  thin (1.6.2) from /Users/ejcummins/.rvm/gems/ruby-2.0.0-p353/specifications/thin-1.6.2.gemspec
I, [2014-04-12T14:40:57.465526 #3983]  INFO -- : 0:  bundler (1.5.1) from /Users/ejcummins/.rvm/gems/ruby-2.0.0-p353@global/specifications/bundler-1.5.1.gemspec
I, [2014-04-12T14:41:13.382118 #4003]  INFO -- : 0:  rake (10.2.2) from /Users/ejcummins/.rvm/gems/ruby-2.0.0-p353/specifications/rake-10.2.2.gemspec
I, [2014-04-12T14:41:13.382685 #4003]  INFO -- : 0:  i18n (0.6.9) from /Users/ejcummins/.rvm/gems/ruby-2.0.0-p353/specifications/i18n-0.6.9.gemspec
I, [2014-04-12T14:41:13.383081 #4003]  INFO -- : 0:  json (1.8.1) from /Users/ejcummins/.rvm/gems/ruby-2.0.0-p353/specifications/json-1.8.1.gemspec
I, [2014-04-12T14:41:13.383463 #4003]  INFO -- : 0:  minitest (5.3.2) from /Users/ejcummins/.rvm/gems/ruby-2.0.0-p353/specifications/minitest-5.3.2.gemspec
I, [2014-04-12T14:41:13.383895 #4003]  INFO -- : 0:  thread_safe (0.3.3) from /Users/ejcummins/.rvm/gems/ruby-2.0.0-p353/specifications/thread_safe-0.3.3.gemspec
I, [2014-04-12T14:41:13.384311 #4003]  INFO -- : 0:  tzinfo (1.1.0) from /Users/ejcummins/.rvm/gems/ruby-2.0.0-p353/specifications/tzinfo-1.1.0.gemspec
I, [2014-04-12T14:41:13.384718 #4003]  INFO -- : 0:  activesupport (4.1.0) from /Users/ejcummins/.rvm/gems/ruby-2.0.0-p353/specifications/activesupport-4.1.0.gemspec
I, [2014-04-12T14:41:13.385133 #4003]  INFO -- : 0:  builder (3.2.2) from /Users/ejcummins/.rvm/gems/ruby-2.0.0-p353/specifications/builder-3.2.2.gemspec
I, [2014-04-12T14:41:13.385624 #4003]  INFO -- : 0:  activemodel (4.1.0) from /Users/ejcummins/.rvm/gems/ruby-2.0.0-p353/specifications/activemodel-4.1.0.gemspec
I, [2014-04-12T14:41:13.386122 #4003]  INFO -- : 0:  arel (5.0.0) from /Users/ejcummins/.rvm/gems/ruby-2.0.0-p353/specifications/arel-5.0.0.gemspec
I, [2014-04-12T14:41:13.386517 #4003]  INFO -- : 0:  activerecord (4.1.0) from /Users/ejcummins/.rvm/gems/ruby-2.0.0-p353/specifications/activerecord-4.1.0.gemspec
I, [2014-04-12T14:41:13.386964 #4003]  INFO -- : 0:  backports (3.6.0) from /Users/ejcummins/.rvm/gems/ruby-2.0.0-p353/specifications/backports-3.6.0.gemspec
I, [2014-04-12T14:41:13.387350 #4003]  INFO -- : 0:  bcrypt (3.1.7) from /Users/ejcummins/.rvm/gems/ruby-2.0.0-p353/specifications/bcrypt-3.1.7.gemspec
I, [2014-04-12T14:41:13.387747 #4003]  INFO -- : 0:  bcrypt-ruby (3.1.5) from /Users/ejcummins/.rvm/gems/ruby-2.0.0-p353/specifications/bcrypt-ruby-3.1.5.gemspec
I, [2014-04-12T14:41:13.388135 #4003]  INFO -- : 0:  mime-types (2.2) from /Users/ejcummins/.rvm/gems/ruby-2.0.0-p353/specifications/mime-types-2.2.gemspec
I, [2014-04-12T14:41:13.388525 #4003]  INFO -- : 0:  mini_portile (0.5.3) from /Users/ejcummins/.rvm/gems/ruby-2.0.0-p353/specifications/mini_portile-0.5.3.gemspec
I, [2014-04-12T14:41:13.388907 #4003]  INFO -- : 0:  nokogiri (1.6.1) from /Users/ejcummins/.rvm/gems/ruby-2.0.0-p353/specifications/nokogiri-1.6.1.gemspec
I, [2014-04-12T14:41:13.389286 #4003]  INFO -- : 0:  rack (1.5.2) from /Users/ejcummins/.rvm/gems/ruby-2.0.0-p353/specifications/rack-1.5.2.gemspec
I, [2014-04-12T14:41:13.389657 #4003]  INFO -- : 0:  rack-test (0.6.2) from /Users/ejcummins/.rvm/gems/ruby-2.0.0-p353/specifications/rack-test-0.6.2.gemspec
I, [2014-04-12T14:41:13.390023 #4003]  INFO -- : 0:  xpath (2.0.0) from /Users/ejcummins/.rvm/gems/ruby-2.0.0-p353/specifications/xpath-2.0.0.gemspec
I, [2014-04-12T14:41:13.390399 #4003]  INFO -- : 0:  capybara (2.2.1) from /Users/ejcummins/.rvm/gems/ruby-2.0.0-p353/specifications/capybara-2.2.1.gemspec
I, [2014-04-12T14:41:13.390786 #4003]  INFO -- : 0:  daemons (1.1.9) from /Users/ejcummins/.rvm/gems/ruby-2.0.0-p353/specifications/daemons-1.1.9.gemspec
I, [2014-04-12T14:41:13.581368 #4003]  INFO -- : 0:  database_cleaner (1.2.0) from /Users/ejcummins/.rvm/gems/ruby-2.0.0-p353/bundler/gems/database_cleaner-35bd646903fc/database_cleaner.gemspec
I, [2014-04-12T14:41:13.581948 #4003]  INFO -- : 0:  diff-lcs (1.2.5) from /Users/ejcummins/.rvm/gems/ruby-2.0.0-p353/specifications/diff-lcs-1.2.5.gemspec
I, [2014-04-12T14:41:13.582356 #4003]  INFO -- : 0:  eventmachine (1.0.3) from /Users/ejcummins/.rvm/gems/ruby-2.0.0-p353/specifications/eventmachine-1.0.3.gemspec
I, [2014-04-12T14:41:13.582745 #4003]  INFO -- : 0:  factory_girl (2.0.5) from /Users/ejcummins/.rvm/gems/ruby-2.0.0-p353/specifications/factory_girl-2.0.5.gemspec
I, [2014-04-12T14:41:13.583116 #4003]  INFO -- : 0:  faker (1.3.0) from /Users/ejcummins/.rvm/gems/ruby-2.0.0-p353/specifications/faker-1.3.0.gemspec
I, [2014-04-12T14:41:13.583518 #4003]  INFO -- : 0:  multi_json (1.9.2) from /Users/ejcummins/.rvm/gems/ruby-2.0.0-p353/specifications/multi_json-1.9.2.gemspec
I, [2014-04-12T14:41:13.583924 #4003]  INFO -- : 0:  pg (0.17.1) from /Users/ejcummins/.rvm/gems/ruby-2.0.0-p353/specifications/pg-0.17.1.gemspec
I, [2014-04-12T14:41:13.584327 #4003]  INFO -- : 0:  rack-protection (1.5.3) from /Users/ejcummins/.rvm/gems/ruby-2.0.0-p353/specifications/rack-protection-1.5.3.gemspec
I, [2014-04-12T14:41:13.584725 #4003]  INFO -- : 0:  rspec-core (2.14.8) from /Users/ejcummins/.rvm/gems/ruby-2.0.0-p353/specifications/rspec-core-2.14.8.gemspec
I, [2014-04-12T14:41:13.585115 #4003]  INFO -- : 0:  rspec-expectations (2.14.5) from /Users/ejcummins/.rvm/gems/ruby-2.0.0-p353/specifications/rspec-expectations-2.14.5.gemspec
I, [2014-04-12T14:41:13.585507 #4003]  INFO -- : 0:  rspec-mocks (2.14.6) from /Users/ejcummins/.rvm/gems/ruby-2.0.0-p353/specifications/rspec-mocks-2.14.6.gemspec
I, [2014-04-12T14:41:13.585893 #4003]  INFO -- : 0:  rspec (2.14.1) from /Users/ejcummins/.rvm/gems/ruby-2.0.0-p353/specifications/rspec-2.14.1.gemspec
I, [2014-04-12T14:41:13.586284 #4003]  INFO -- : 0:  shotgun (0.9) from /Users/ejcummins/.rvm/gems/ruby-2.0.0-p353/specifications/shotgun-0.9.gemspec
I, [2014-04-12T14:41:13.586668 #4003]  INFO -- : 0:  shoulda-matchers (2.5.0) from /Users/ejcummins/.rvm/gems/ruby-2.0.0-p353/specifications/shoulda-matchers-2.5.0.gemspec
I, [2014-04-12T14:41:13.587042 #4003]  INFO -- : 0:  tilt (1.4.1) from /Users/ejcummins/.rvm/gems/ruby-2.0.0-p353/specifications/tilt-1.4.1.gemspec
I, [2014-04-12T14:41:13.587495 #4003]  INFO -- : 0:  sinatra (1.4.5) from /Users/ejcummins/.rvm/gems/ruby-2.0.0-p353/specifications/sinatra-1.4.5.gemspec
I, [2014-04-12T14:41:13.587887 #4003]  INFO -- : 0:  sinatra-contrib (1.4.2) from /Users/ejcummins/.rvm/gems/ruby-2.0.0-p353/specifications/sinatra-contrib-1.4.2.gemspec
I, [2014-04-12T14:41:13.588262 #4003]  INFO -- : 0:  thin (1.6.2) from /Users/ejcummins/.rvm/gems/ruby-2.0.0-p353/specifications/thin-1.6.2.gemspec
I, [2014-04-12T14:41:13.588619 #4003]  INFO -- : 0:  bundler (1.5.1) from /Users/ejcummins/.rvm/gems/ruby-2.0.0-p353@global/specifications/bundler-1.5.1.gemspec
I, [2014-04-12T22:02:55.412878 #6753]  INFO -- : 0:  rake (10.2.2) from /Users/ejcummins/.rvm/gems/ruby-2.0.0-p353/specifications/rake-10.2.2.gemspec
I, [2014-04-12T22:02:55.413735 #6753]  INFO -- : 0:  i18n (0.6.9) from /Users/ejcummins/.rvm/gems/ruby-2.0.0-p353/specifications/i18n-0.6.9.gemspec
I, [2014-04-12T22:02:55.414192 #6753]  INFO -- : 0:  json (1.8.1) from /Users/ejcummins/.rvm/gems/ruby-2.0.0-p353/specifications/json-1.8.1.gemspec
I, [2014-04-12T22:02:55.414630 #6753]  INFO -- : 0:  minitest (5.3.2) from /Users/ejcummins/.rvm/gems/ruby-2.0.0-p353/specifications/minitest-5.3.2.gemspec
I, [2014-04-12T22:02:55.415155 #6753]  INFO -- : 0:  thread_safe (0.3.3) from /Users/ejcummins/.rvm/gems/ruby-2.0.0-p353/specifications/thread_safe-0.3.3.gemspec
I, [2014-04-12T22:02:55.415667 #6753]  INFO -- : 0:  tzinfo (1.1.0) from /Users/ejcummins/.rvm/gems/ruby-2.0.0-p353/specifications/tzinfo-1.1.0.gemspec
I, [2014-04-12T22:02:55.416087 #6753]  INFO -- : 0:  activesupport (4.1.0) from /Users/ejcummins/.rvm/gems/ruby-2.0.0-p353/specifications/activesupport-4.1.0.gemspec
I, [2014-04-12T22:02:55.416523 #6753]  INFO -- : 0:  builder (3.2.2) from /Users/ejcummins/.rvm/gems/ruby-2.0.0-p353/specifications/builder-3.2.2.gemspec
I, [2014-04-12T22:02:55.416930 #6753]  INFO -- : 0:  activemodel (4.1.0) from /Users/ejcummins/.rvm/gems/ruby-2.0.0-p353/specifications/activemodel-4.1.0.gemspec
I, [2014-04-12T22:02:55.417369 #6753]  INFO -- : 0:  arel (5.0.0) from /Users/ejcummins/.rvm/gems/ruby-2.0.0-p353/specifications/arel-5.0.0.gemspec
I, [2014-04-12T22:02:55.417773 #6753]  INFO -- : 0:  activerecord (4.1.0) from /Users/ejcummins/.rvm/gems/ruby-2.0.0-p353/specifications/activerecord-4.1.0.gemspec
I, [2014-04-12T22:02:55.418220 #6753]  INFO -- : 0:  backports (3.6.0) from /Users/ejcummins/.rvm/gems/ruby-2.0.0-p353/specifications/backports-3.6.0.gemspec
I, [2014-04-12T22:02:55.418614 #6753]  INFO -- : 0:  bcrypt (3.1.7) from /Users/ejcummins/.rvm/gems/ruby-2.0.0-p353/specifications/bcrypt-3.1.7.gemspec
I, [2014-04-12T22:02:55.419084 #6753]  INFO -- : 0:  bcrypt-ruby (3.1.5) from /Users/ejcummins/.rvm/gems/ruby-2.0.0-p353/specifications/bcrypt-ruby-3.1.5.gemspec
I, [2014-04-12T22:02:55.419573 #6753]  INFO -- : 0:  mime-types (2.2) from /Users/ejcummins/.rvm/gems/ruby-2.0.0-p353/specifications/mime-types-2.2.gemspec
I, [2014-04-12T22:02:55.420041 #6753]  INFO -- : 0:  mini_portile (0.5.3) from /Users/ejcummins/.rvm/gems/ruby-2.0.0-p353/specifications/mini_portile-0.5.3.gemspec
I, [2014-04-12T22:02:55.420476 #6753]  INFO -- : 0:  nokogiri (1.6.1) from /Users/ejcummins/.rvm/gems/ruby-2.0.0-p353/specifications/nokogiri-1.6.1.gemspec
I, [2014-04-12T22:02:55.420955 #6753]  INFO -- : 0:  rack (1.5.2) from /Users/ejcummins/.rvm/gems/ruby-2.0.0-p353/specifications/rack-1.5.2.gemspec
I, [2014-04-12T22:02:55.421407 #6753]  INFO -- : 0:  rack-test (0.6.2) from /Users/ejcummins/.rvm/gems/ruby-2.0.0-p353/specifications/rack-test-0.6.2.gemspec
I, [2014-04-12T22:02:55.421866 #6753]  INFO -- : 0:  xpath (2.0.0) from /Users/ejcummins/.rvm/gems/ruby-2.0.0-p353/specifications/xpath-2.0.0.gemspec
I, [2014-04-12T22:02:55.422297 #6753]  INFO -- : 0:  capybara (2.2.1) from /Users/ejcummins/.rvm/gems/ruby-2.0.0-p353/specifications/capybara-2.2.1.gemspec
I, [2014-04-12T22:02:55.422754 #6753]  INFO -- : 0:  daemons (1.1.9) from /Users/ejcummins/.rvm/gems/ruby-2.0.0-p353/specifications/daemons-1.1.9.gemspec
I, [2014-04-12T22:02:55.611688 #6753]  INFO -- : 0:  database_cleaner (1.2.0) from /Users/ejcummins/.rvm/gems/ruby-2.0.0-p353/bundler/gems/database_cleaner-35bd646903fc/database_cleaner.gemspec
I, [2014-04-12T22:02:55.612346 #6753]  INFO -- : 0:  diff-lcs (1.2.5) from /Users/ejcummins/.rvm/gems/ruby-2.0.0-p353/specifications/diff-lcs-1.2.5.gemspec
I, [2014-04-12T22:02:55.612780 #6753]  INFO -- : 0:  eventmachine (1.0.3) from /Users/ejcummins/.rvm/gems/ruby-2.0.0-p353/specifications/eventmachine-1.0.3.gemspec
I, [2014-04-12T22:02:55.613207 #6753]  INFO -- : 0:  factory_girl (2.0.5) from /Users/ejcummins/.rvm/gems/ruby-2.0.0-p353/specifications/factory_girl-2.0.5.gemspec
I, [2014-04-12T22:02:55.613626 #6753]  INFO -- : 0:  faker (1.3.0) from /Users/ejcummins/.rvm/gems/ruby-2.0.0-p353/specifications/faker-1.3.0.gemspec
I, [2014-04-12T22:02:55.614057 #6753]  INFO -- : 0:  multi_json (1.9.2) from /Users/ejcummins/.rvm/gems/ruby-2.0.0-p353/specifications/multi_json-1.9.2.gemspec
I, [2014-04-12T22:02:55.614475 #6753]  INFO -- : 0:  pg (0.17.1) from /Users/ejcummins/.rvm/gems/ruby-2.0.0-p353/specifications/pg-0.17.1.gemspec
I, [2014-04-12T22:02:55.614903 #6753]  INFO -- : 0:  rack-protection (1.5.3) from /Users/ejcummins/.rvm/gems/ruby-2.0.0-p353/specifications/rack-protection-1.5.3.gemspec
I, [2014-04-12T22:02:55.615331 #6753]  INFO -- : 0:  rspec-core (2.14.8) from /Users/ejcummins/.rvm/gems/ruby-2.0.0-p353/specifications/rspec-core-2.14.8.gemspec
I, [2014-04-12T22:02:55.615764 #6753]  INFO -- : 0:  rspec-expectations (2.14.5) from /Users/ejcummins/.rvm/gems/ruby-2.0.0-p353/specifications/rspec-expectations-2.14.5.gemspec
I, [2014-04-12T22:02:55.616190 #6753]  INFO -- : 0:  rspec-mocks (2.14.6) from /Users/ejcummins/.rvm/gems/ruby-2.0.0-p353/specifications/rspec-mocks-2.14.6.gemspec
I, [2014-04-12T22:02:55.616607 #6753]  INFO -- : 0:  rspec (2.14.1) from /Users/ejcummins/.rvm/gems/ruby-2.0.0-p353/specifications/rspec-2.14.1.gemspec
I, [2014-04-12T22:02:55.617008 #6753]  INFO -- : 0:  shotgun (0.9) from /Users/ejcummins/.rvm/gems/ruby-2.0.0-p353/specifications/shotgun-0.9.gemspec
I, [2014-04-12T22:02:56.402681 #6753]  INFO -- : 0:  shoulda-matchers (2.6.0) from /Users/ejcummins/.rvm/gems/ruby-2.0.0-p353/specifications/shoulda-matchers-2.6.0.gemspec
I, [2014-04-12T22:02:56.403359 #6753]  INFO -- : 0:  tilt (1.4.1) from /Users/ejcummins/.rvm/gems/ruby-2.0.0-p353/specifications/tilt-1.4.1.gemspec
I, [2014-04-12T22:02:56.403805 #6753]  INFO -- : 0:  sinatra (1.4.5) from /Users/ejcummins/.rvm/gems/ruby-2.0.0-p353/specifications/sinatra-1.4.5.gemspec
I, [2014-04-12T22:02:56.404572 #6753]  INFO -- : 0:  sinatra-contrib (1.4.2) from /Users/ejcummins/.rvm/gems/ruby-2.0.0-p353/specifications/sinatra-contrib-1.4.2.gemspec
I, [2014-04-12T22:02:56.405012 #6753]  INFO -- : 0:  thin (1.6.2) from /Users/ejcummins/.rvm/gems/ruby-2.0.0-p353/specifications/thin-1.6.2.gemspec
I, [2014-04-12T22:02:56.405411 #6753]  INFO -- : 0:  bundler (1.5.1) from /Users/ejcummins/.rvm/gems/ruby-2.0.0-p353@global/specifications/bundler-1.5.1.gemspec
I, [2014-04-13T11:04:13.428574 #796]  INFO -- : 0:  rake (10.2.2) from /Users/ejcummins/.rvm/gems/ruby-2.0.0-p353/specifications/rake-10.2.2.gemspec
I, [2014-04-13T11:04:13.429519 #796]  INFO -- : 0:  i18n (0.6.9) from /Users/ejcummins/.rvm/gems/ruby-2.0.0-p353/specifications/i18n-0.6.9.gemspec
I, [2014-04-13T11:04:13.429924 #796]  INFO -- : 0:  json (1.8.1) from /Users/ejcummins/.rvm/gems/ruby-2.0.0-p353/specifications/json-1.8.1.gemspec
I, [2014-04-13T11:04:13.430311 #796]  INFO -- : 0:  minitest (5.3.2) from /Users/ejcummins/.rvm/gems/ruby-2.0.0-p353/specifications/minitest-5.3.2.gemspec
I, [2014-04-13T11:04:13.430697 #796]  INFO -- : 0:  thread_safe (0.3.3) from /Users/ejcummins/.rvm/gems/ruby-2.0.0-p353/specifications/thread_safe-0.3.3.gemspec
I, [2014-04-13T11:04:13.431089 #796]  INFO -- : 0:  tzinfo (1.1.0) from /Users/ejcummins/.rvm/gems/ruby-2.0.0-p353/specifications/tzinfo-1.1.0.gemspec
I, [2014-04-13T11:04:13.431475 #796]  INFO -- : 0:  activesupport (4.1.0) from /Users/ejcummins/.rvm/gems/ruby-2.0.0-p353/specifications/activesupport-4.1.0.gemspec
I, [2014-04-13T11:04:13.431901 #796]  INFO -- : 0:  builder (3.2.2) from /Users/ejcummins/.rvm/gems/ruby-2.0.0-p353/specifications/builder-3.2.2.gemspec
I, [2014-04-13T11:04:13.432298 #796]  INFO -- : 0:  activemodel (4.1.0) from /Users/ejcummins/.rvm/gems/ruby-2.0.0-p353/specifications/activemodel-4.1.0.gemspec
I, [2014-04-13T11:04:13.432693 #796]  INFO -- : 0:  arel (5.0.0) from /Users/ejcummins/.rvm/gems/ruby-2.0.0-p353/specifications/arel-5.0.0.gemspec
I, [2014-04-13T11:04:13.433125 #796]  INFO -- : 0:  activerecord (4.1.0) from /Users/ejcummins/.rvm/gems/ruby-2.0.0-p353/specifications/activerecord-4.1.0.gemspec
I, [2014-04-13T11:04:13.433521 #796]  INFO -- : 0:  backports (3.6.0) from /Users/ejcummins/.rvm/gems/ruby-2.0.0-p353/specifications/backports-3.6.0.gemspec
I, [2014-04-13T11:04:13.433901 #796]  INFO -- : 0:  bcrypt (3.1.7) from /Users/ejcummins/.rvm/gems/ruby-2.0.0-p353/specifications/bcrypt-3.1.7.gemspec
I, [2014-04-13T11:04:13.434284 #796]  INFO -- : 0:  bcrypt-ruby (3.1.5) from /Users/ejcummins/.rvm/gems/ruby-2.0.0-p353/specifications/bcrypt-ruby-3.1.5.gemspec
I, [2014-04-13T11:04:13.434668 #796]  INFO -- : 0:  mime-types (2.2) from /Users/ejcummins/.rvm/gems/ruby-2.0.0-p353/specifications/mime-types-2.2.gemspec
I, [2014-04-13T11:04:13.435043 #796]  INFO -- : 0:  mini_portile (0.5.3) from /Users/ejcummins/.rvm/gems/ruby-2.0.0-p353/specifications/mini_portile-0.5.3.gemspec
I, [2014-04-13T11:04:13.435428 #796]  INFO -- : 0:  nokogiri (1.6.1) from /Users/ejcummins/.rvm/gems/ruby-2.0.0-p353/specifications/nokogiri-1.6.1.gemspec
I, [2014-04-13T11:04:13.435826 #796]  INFO -- : 0:  rack (1.5.2) from /Users/ejcummins/.rvm/gems/ruby-2.0.0-p353/specifications/rack-1.5.2.gemspec
I, [2014-04-13T11:04:13.436195 #796]  INFO -- : 0:  rack-test (0.6.2) from /Users/ejcummins/.rvm/gems/ruby-2.0.0-p353/specifications/rack-test-0.6.2.gemspec
I, [2014-04-13T11:04:13.436558 #796]  INFO -- : 0:  xpath (2.0.0) from /Users/ejcummins/.rvm/gems/ruby-2.0.0-p353/specifications/xpath-2.0.0.gemspec
I, [2014-04-13T11:04:13.436932 #796]  INFO -- : 0:  capybara (2.2.1) from /Users/ejcummins/.rvm/gems/ruby-2.0.0-p353/specifications/capybara-2.2.1.gemspec
I, [2014-04-13T11:04:13.437285 #796]  INFO -- : 0:  daemons (1.1.9) from /Users/ejcummins/.rvm/gems/ruby-2.0.0-p353/specifications/daemons-1.1.9.gemspec
I, [2014-04-13T11:04:13.677924 #796]  INFO -- : 0:  database_cleaner (1.2.0) from /Users/ejcummins/.rvm/gems/ruby-2.0.0-p353/bundler/gems/database_cleaner-35bd646903fc/database_cleaner.gemspec
I, [2014-04-13T11:04:13.678502 #796]  INFO -- : 0:  diff-lcs (1.2.5) from /Users/ejcummins/.rvm/gems/ruby-2.0.0-p353/specifications/diff-lcs-1.2.5.gemspec
I, [2014-04-13T11:04:13.678894 #796]  INFO -- : 0:  eventmachine (1.0.3) from /Users/ejcummins/.rvm/gems/ruby-2.0.0-p353/specifications/eventmachine-1.0.3.gemspec
I, [2014-04-13T11:04:13.679276 #796]  INFO -- : 0:  factory_girl (2.0.5) from /Users/ejcummins/.rvm/gems/ruby-2.0.0-p353/specifications/factory_girl-2.0.5.gemspec
I, [2014-04-13T11:04:13.679651 #796]  INFO -- : 0:  faker (1.3.0) from /Users/ejcummins/.rvm/gems/ruby-2.0.0-p353/specifications/faker-1.3.0.gemspec
I, [2014-04-13T11:04:13.680035 #796]  INFO -- : 0:  multi_json (1.9.2) from /Users/ejcummins/.rvm/gems/ruby-2.0.0-p353/specifications/multi_json-1.9.2.gemspec
I, [2014-04-13T11:04:13.680404 #796]  INFO -- : 0:  pg (0.17.1) from /Users/ejcummins/.rvm/gems/ruby-2.0.0-p353/specifications/pg-0.17.1.gemspec
I, [2014-04-13T11:04:13.680779 #796]  INFO -- : 0:  rack-protection (1.5.3) from /Users/ejcummins/.rvm/gems/ruby-2.0.0-p353/specifications/rack-protection-1.5.3.gemspec
I, [2014-04-13T11:04:13.681147 #796]  INFO -- : 0:  rspec-core (2.14.8) from /Users/ejcummins/.rvm/gems/ruby-2.0.0-p353/specifications/rspec-core-2.14.8.gemspec
I, [2014-04-13T11:04:13.681529 #796]  INFO -- : 0:  rspec-expectations (2.14.5) from /Users/ejcummins/.rvm/gems/ruby-2.0.0-p353/specifications/rspec-expectations-2.14.5.gemspec
I, [2014-04-13T11:04:13.681916 #796]  INFO -- : 0:  rspec-mocks (2.14.6) from /Users/ejcummins/.rvm/gems/ruby-2.0.0-p353/specifications/rspec-mocks-2.14.6.gemspec
I, [2014-04-13T11:04:13.682325 #796]  INFO -- : 0:  rspec (2.14.1) from /Users/ejcummins/.rvm/gems/ruby-2.0.0-p353/specifications/rspec-2.14.1.gemspec
I, [2014-04-13T11:04:13.682684 #796]  INFO -- : 0:  shotgun (0.9) from /Users/ejcummins/.rvm/gems/ruby-2.0.0-p353/specifications/shotgun-0.9.gemspec
I, [2014-04-13T11:04:13.683053 #796]  INFO -- : 0:  shoulda-matchers (2.6.0) from /Users/ejcummins/.rvm/gems/ruby-2.0.0-p353/specifications/shoulda-matchers-2.6.0.gemspec
I, [2014-04-13T11:04:13.683418 #796]  INFO -- : 0:  tilt (1.4.1) from /Users/ejcummins/.rvm/gems/ruby-2.0.0-p353/specifications/tilt-1.4.1.gemspec
I, [2014-04-13T11:04:13.683797 #796]  INFO -- : 0:  sinatra (1.4.5) from /Users/ejcummins/.rvm/gems/ruby-2.0.0-p353/specifications/sinatra-1.4.5.gemspec
I, [2014-04-13T11:04:13.684161 #796]  INFO -- : 0:  sinatra-contrib (1.4.2) from /Users/ejcummins/.rvm/gems/ruby-2.0.0-p353/specifications/sinatra-contrib-1.4.2.gemspec
I, [2014-04-13T11:04:13.684517 #796]  INFO -- : 0:  thin (1.6.2) from /Users/ejcummins/.rvm/gems/ruby-2.0.0-p353/specifications/thin-1.6.2.gemspec
I, [2014-04-13T11:04:13.684854 #796]  INFO -- : 0:  bundler (1.5.1) from /Users/ejcummins/.rvm/gems/ruby-2.0.0-p353@global/specifications/bundler-1.5.1.gemspec
I, [2014-04-13T13:09:05.207324 #2110]  INFO -- : 0:  rake (10.2.2) from /Users/ejcummins/.rvm/gems/ruby-2.0.0-p353/specifications/rake-10.2.2.gemspec
I, [2014-04-13T13:09:05.208284 #2110]  INFO -- : 0:  i18n (0.6.9) from /Users/ejcummins/.rvm/gems/ruby-2.0.0-p353/specifications/i18n-0.6.9.gemspec
I, [2014-04-13T13:09:05.208696 #2110]  INFO -- : 0:  json (1.8.1) from /Users/ejcummins/.rvm/gems/ruby-2.0.0-p353/specifications/json-1.8.1.gemspec
I, [2014-04-13T13:09:05.209090 #2110]  INFO -- : 0:  minitest (5.3.2) from /Users/ejcummins/.rvm/gems/ruby-2.0.0-p353/specifications/minitest-5.3.2.gemspec
I, [2014-04-13T13:09:05.209487 #2110]  INFO -- : 0:  thread_safe (0.3.3) from /Users/ejcummins/.rvm/gems/ruby-2.0.0-p353/specifications/thread_safe-0.3.3.gemspec
I, [2014-04-13T13:09:05.209906 #2110]  INFO -- : 0:  tzinfo (1.1.0) from /Users/ejcummins/.rvm/gems/ruby-2.0.0-p353/specifications/tzinfo-1.1.0.gemspec
I, [2014-04-13T13:09:05.210312 #2110]  INFO -- : 0:  activesupport (4.1.0) from /Users/ejcummins/.rvm/gems/ruby-2.0.0-p353/specifications/activesupport-4.1.0.gemspec
I, [2014-04-13T13:09:05.210681 #2110]  INFO -- : 0:  builder (3.2.2) from /Users/ejcummins/.rvm/gems/ruby-2.0.0-p353/specifications/builder-3.2.2.gemspec
I, [2014-04-13T13:09:05.211052 #2110]  INFO -- : 0:  activemodel (4.1.0) from /Users/ejcummins/.rvm/gems/ruby-2.0.0-p353/specifications/activemodel-4.1.0.gemspec
I, [2014-04-13T13:09:05.211422 #2110]  INFO -- : 0:  arel (5.0.0) from /Users/ejcummins/.rvm/gems/ruby-2.0.0-p353/specifications/arel-5.0.0.gemspec
I, [2014-04-13T13:09:05.211788 #2110]  INFO -- : 0:  activerecord (4.1.0) from /Users/ejcummins/.rvm/gems/ruby-2.0.0-p353/specifications/activerecord-4.1.0.gemspec
I, [2014-04-13T13:09:05.212226 #2110]  INFO -- : 0:  backports (3.6.0) from /Users/ejcummins/.rvm/gems/ruby-2.0.0-p353/specifications/backports-3.6.0.gemspec
I, [2014-04-13T13:09:05.212613 #2110]  INFO -- : 0:  bcrypt (3.1.7) from /Users/ejcummins/.rvm/gems/ruby-2.0.0-p353/specifications/bcrypt-3.1.7.gemspec
I, [2014-04-13T13:09:05.212999 #2110]  INFO -- : 0:  bcrypt-ruby (3.1.5) from /Users/ejcummins/.rvm/gems/ruby-2.0.0-p353/specifications/bcrypt-ruby-3.1.5.gemspec
I, [2014-04-13T13:09:05.213377 #2110]  INFO -- : 0:  mime-types (2.2) from /Users/ejcummins/.rvm/gems/ruby-2.0.0-p353/specifications/mime-types-2.2.gemspec
I, [2014-04-13T13:09:05.213795 #2110]  INFO -- : 0:  mini_portile (0.5.3) from /Users/ejcummins/.rvm/gems/ruby-2.0.0-p353/specifications/mini_portile-0.5.3.gemspec
I, [2014-04-13T13:09:05.214191 #2110]  INFO -- : 0:  nokogiri (1.6.1) from /Users/ejcummins/.rvm/gems/ruby-2.0.0-p353/specifications/nokogiri-1.6.1.gemspec
I, [2014-04-13T13:09:05.214574 #2110]  INFO -- : 0:  rack (1.5.2) from /Users/ejcummins/.rvm/gems/ruby-2.0.0-p353/specifications/rack-1.5.2.gemspec
I, [2014-04-13T13:09:05.214995 #2110]  INFO -- : 0:  rack-test (0.6.2) from /Users/ejcummins/.rvm/gems/ruby-2.0.0-p353/specifications/rack-test-0.6.2.gemspec
I, [2014-04-13T13:09:05.215367 #2110]  INFO -- : 0:  xpath (2.0.0) from /Users/ejcummins/.rvm/gems/ruby-2.0.0-p353/specifications/xpath-2.0.0.gemspec
I, [2014-04-13T13:09:05.215755 #2110]  INFO -- : 0:  capybara (2.2.1) from /Users/ejcummins/.rvm/gems/ruby-2.0.0-p353/specifications/capybara-2.2.1.gemspec
I, [2014-04-13T13:09:05.216133 #2110]  INFO -- : 0:  daemons (1.1.9) from /Users/ejcummins/.rvm/gems/ruby-2.0.0-p353/specifications/daemons-1.1.9.gemspec
I, [2014-04-13T13:09:05.467375 #2110]  INFO -- : 0:  database_cleaner (1.2.0) from /Users/ejcummins/.rvm/gems/ruby-2.0.0-p353/bundler/gems/database_cleaner-35bd646903fc/database_cleaner.gemspec
I, [2014-04-13T13:09:05.468103 #2110]  INFO -- : 0:  diff-lcs (1.2.5) from /Users/ejcummins/.rvm/gems/ruby-2.0.0-p353/specifications/diff-lcs-1.2.5.gemspec
I, [2014-04-13T13:09:05.468753 #2110]  INFO -- : 0:  eventmachine (1.0.3) from /Users/ejcummins/.rvm/gems/ruby-2.0.0-p353/specifications/eventmachine-1.0.3.gemspec
I, [2014-04-13T13:09:05.469284 #2110]  INFO -- : 0:  factory_girl (2.0.5) from /Users/ejcummins/.rvm/gems/ruby-2.0.0-p353/specifications/factory_girl-2.0.5.gemspec
I, [2014-04-13T13:09:05.469792 #2110]  INFO -- : 0:  faker (1.3.0) from /Users/ejcummins/.rvm/gems/ruby-2.0.0-p353/specifications/faker-1.3.0.gemspec
I, [2014-04-13T13:09:05.470323 #2110]  INFO -- : 0:  multi_json (1.9.2) from /Users/ejcummins/.rvm/gems/ruby-2.0.0-p353/specifications/multi_json-1.9.2.gemspec
I, [2014-04-13T13:09:05.470828 #2110]  INFO -- : 0:  pg (0.17.1) from /Users/ejcummins/.rvm/gems/ruby-2.0.0-p353/specifications/pg-0.17.1.gemspec
I, [2014-04-13T13:09:05.471357 #2110]  INFO -- : 0:  rack-protection (1.5.3) from /Users/ejcummins/.rvm/gems/ruby-2.0.0-p353/specifications/rack-protection-1.5.3.gemspec
I, [2014-04-13T13:09:05.471874 #2110]  INFO -- : 0:  rspec-core (2.14.8) from /Users/ejcummins/.rvm/gems/ruby-2.0.0-p353/specifications/rspec-core-2.14.8.gemspec
I, [2014-04-13T13:09:05.472412 #2110]  INFO -- : 0:  rspec-expectations (2.14.5) from /Users/ejcummins/.rvm/gems/ruby-2.0.0-p353/specifications/rspec-expectations-2.14.5.gemspec
I, [2014-04-13T13:09:05.472937 #2110]  INFO -- : 0:  rspec-mocks (2.14.6) from /Users/ejcummins/.rvm/gems/ruby-2.0.0-p353/specifications/rspec-mocks-2.14.6.gemspec
I, [2014-04-13T13:09:05.474511 #2110]  INFO -- : 0:  rspec (2.14.1) from /Users/ejcummins/.rvm/gems/ruby-2.0.0-p353/specifications/rspec-2.14.1.gemspec
I, [2014-04-13T13:09:05.475177 #2110]  INFO -- : 0:  shotgun (0.9) from /Users/ejcummins/.rvm/gems/ruby-2.0.0-p353/specifications/shotgun-0.9.gemspec
I, [2014-04-13T13:09:05.475564 #2110]  INFO -- : 0:  shoulda-matchers (2.6.0) from /Users/ejcummins/.rvm/gems/ruby-2.0.0-p353/specifications/shoulda-matchers-2.6.0.gemspec
I, [2014-04-13T13:09:05.475936 #2110]  INFO -- : 0:  tilt (1.4.1) from /Users/ejcummins/.rvm/gems/ruby-2.0.0-p353/specifications/tilt-1.4.1.gemspec
I, [2014-04-13T13:09:05.476318 #2110]  INFO -- : 0:  sinatra (1.4.5) from /Users/ejcummins/.rvm/gems/ruby-2.0.0-p353/specifications/sinatra-1.4.5.gemspec
I, [2014-04-13T13:09:05.476694 #2110]  INFO -- : 0:  sinatra-contrib (1.4.2) from /Users/ejcummins/.rvm/gems/ruby-2.0.0-p353/specifications/sinatra-contrib-1.4.2.gemspec
I, [2014-04-13T13:09:05.477062 #2110]  INFO -- : 0:  thin (1.6.2) from /Users/ejcummins/.rvm/gems/ruby-2.0.0-p353/specifications/thin-1.6.2.gemspec
I, [2014-04-13T13:09:05.477408 #2110]  INFO -- : 0:  bundler (1.5.1) from /Users/ejcummins/.rvm/gems/ruby-2.0.0-p353@global/specifications/bundler-1.5.1.gemspec
I, [2014-04-14T08:56:29.076336 #3169]  INFO -- : 0:  rake (10.2.2) from /Users/ejcummins/.rvm/gems/ruby-2.0.0-p353/specifications/rake-10.2.2.gemspec
I, [2014-04-14T08:56:29.077073 #3169]  INFO -- : 0:  i18n (0.6.9) from /Users/ejcummins/.rvm/gems/ruby-2.0.0-p353/specifications/i18n-0.6.9.gemspec
I, [2014-04-14T08:56:29.077609 #3169]  INFO -- : 0:  json (1.8.1) from /Users/ejcummins/.rvm/gems/ruby-2.0.0-p353/specifications/json-1.8.1.gemspec
I, [2014-04-14T08:56:29.078125 #3169]  INFO -- : 0:  minitest (5.3.2) from /Users/ejcummins/.rvm/gems/ruby-2.0.0-p353/specifications/minitest-5.3.2.gemspec
I, [2014-04-14T08:56:29.078628 #3169]  INFO -- : 0:  thread_safe (0.3.3) from /Users/ejcummins/.rvm/gems/ruby-2.0.0-p353/specifications/thread_safe-0.3.3.gemspec
I, [2014-04-14T08:56:29.079136 #3169]  INFO -- : 0:  tzinfo (1.1.0) from /Users/ejcummins/.rvm/gems/ruby-2.0.0-p353/specifications/tzinfo-1.1.0.gemspec
I, [2014-04-14T08:56:29.079591 #3169]  INFO -- : 0:  activesupport (4.1.0) from /Users/ejcummins/.rvm/gems/ruby-2.0.0-p353/specifications/activesupport-4.1.0.gemspec
I, [2014-04-14T08:56:29.080053 #3169]  INFO -- : 0:  builder (3.2.2) from /Users/ejcummins/.rvm/gems/ruby-2.0.0-p353/specifications/builder-3.2.2.gemspec
I, [2014-04-14T08:56:29.080489 #3169]  INFO -- : 0:  activemodel (4.1.0) from /Users/ejcummins/.rvm/gems/ruby-2.0.0-p353/specifications/activemodel-4.1.0.gemspec
I, [2014-04-14T08:56:29.081025 #3169]  INFO -- : 0:  arel (5.0.0) from /Users/ejcummins/.rvm/gems/ruby-2.0.0-p353/specifications/arel-5.0.0.gemspec
I, [2014-04-14T08:56:29.081527 #3169]  INFO -- : 0:  activerecord (4.1.0) from /Users/ejcummins/.rvm/gems/ruby-2.0.0-p353/specifications/activerecord-4.1.0.gemspec
I, [2014-04-14T08:56:29.082278 #3169]  INFO -- : 0:  backports (3.6.0) from /Users/ejcummins/.rvm/gems/ruby-2.0.0-p353/specifications/backports-3.6.0.gemspec
I, [2014-04-14T08:56:29.082855 #3169]  INFO -- : 0:  bcrypt (3.1.7) from /Users/ejcummins/.rvm/gems/ruby-2.0.0-p353/specifications/bcrypt-3.1.7.gemspec
I, [2014-04-14T08:56:29.083426 #3169]  INFO -- : 0:  bcrypt-ruby (3.1.5) from /Users/ejcummins/.rvm/gems/ruby-2.0.0-p353/specifications/bcrypt-ruby-3.1.5.gemspec
I, [2014-04-14T08:56:29.084005 #3169]  INFO -- : 0:  mime-types (2.2) from /Users/ejcummins/.rvm/gems/ruby-2.0.0-p353/specifications/mime-types-2.2.gemspec
I, [2014-04-14T08:56:29.084588 #3169]  INFO -- : 0:  mini_portile (0.5.3) from /Users/ejcummins/.rvm/gems/ruby-2.0.0-p353/specifications/mini_portile-0.5.3.gemspec
I, [2014-04-14T08:56:29.085167 #3169]  INFO -- : 0:  nokogiri (1.6.1) from /Users/ejcummins/.rvm/gems/ruby-2.0.0-p353/specifications/nokogiri-1.6.1.gemspec
I, [2014-04-14T08:56:29.085706 #3169]  INFO -- : 0:  rack (1.5.2) from /Users/ejcummins/.rvm/gems/ruby-2.0.0-p353/specifications/rack-1.5.2.gemspec
I, [2014-04-14T08:56:29.086232 #3169]  INFO -- : 0:  rack-test (0.6.2) from /Users/ejcummins/.rvm/gems/ruby-2.0.0-p353/specifications/rack-test-0.6.2.gemspec
I, [2014-04-14T08:56:29.086805 #3169]  INFO -- : 0:  xpath (2.0.0) from /Users/ejcummins/.rvm/gems/ruby-2.0.0-p353/specifications/xpath-2.0.0.gemspec
I, [2014-04-14T08:56:29.087363 #3169]  INFO -- : 0:  capybara (2.2.1) from /Users/ejcummins/.rvm/gems/ruby-2.0.0-p353/specifications/capybara-2.2.1.gemspec
I, [2014-04-14T08:56:29.088019 #3169]  INFO -- : 0:  daemons (1.1.9) from /Users/ejcummins/.rvm/gems/ruby-2.0.0-p353/specifications/daemons-1.1.9.gemspec
I, [2014-04-14T08:56:29.316207 #3169]  INFO -- : 0:  database_cleaner (1.2.0) from /Users/ejcummins/.rvm/gems/ruby-2.0.0-p353/bundler/gems/database_cleaner-35bd646903fc/database_cleaner.gemspec
I, [2014-04-14T08:56:29.316870 #3169]  INFO -- : 0:  diff-lcs (1.2.5) from /Users/ejcummins/.rvm/gems/ruby-2.0.0-p353/specifications/diff-lcs-1.2.5.gemspec
I, [2014-04-14T08:56:29.317309 #3169]  INFO -- : 0:  eventmachine (1.0.3) from /Users/ejcummins/.rvm/gems/ruby-2.0.0-p353/specifications/eventmachine-1.0.3.gemspec
I, [2014-04-14T08:56:29.317727 #3169]  INFO -- : 0:  factory_girl (2.0.5) from /Users/ejcummins/.rvm/gems/ruby-2.0.0-p353/specifications/factory_girl-2.0.5.gemspec
I, [2014-04-14T08:56:29.318133 #3169]  INFO -- : 0:  faker (1.3.0) from /Users/ejcummins/.rvm/gems/ruby-2.0.0-p353/specifications/faker-1.3.0.gemspec
I, [2014-04-14T08:56:30.759536 #3169]  INFO -- : 0:  gravtastic (3.2.6) from /Users/ejcummins/.rvm/gems/ruby-2.0.0-p353/specifications/gravtastic-3.2.6.gemspec
I, [2014-04-14T08:56:30.760227 #3169]  INFO -- : 0:  multi_json (1.9.2) from /Users/ejcummins/.rvm/gems/ruby-2.0.0-p353/specifications/multi_json-1.9.2.gemspec
I, [2014-04-14T08:56:30.760821 #3169]  INFO -- : 0:  pg (0.17.1) from /Users/ejcummins/.rvm/gems/ruby-2.0.0-p353/specifications/pg-0.17.1.gemspec
I, [2014-04-14T08:56:30.761229 #3169]  INFO -- : 0:  rack-protection (1.5.3) from /Users/ejcummins/.rvm/gems/ruby-2.0.0-p353/specifications/rack-protection-1.5.3.gemspec
I, [2014-04-14T08:56:30.761621 #3169]  INFO -- : 0:  rspec-core (2.14.8) from /Users/ejcummins/.rvm/gems/ruby-2.0.0-p353/specifications/rspec-core-2.14.8.gemspec
I, [2014-04-14T08:56:30.762013 #3169]  INFO -- : 0:  rspec-expectations (2.14.5) from /Users/ejcummins/.rvm/gems/ruby-2.0.0-p353/specifications/rspec-expectations-2.14.5.gemspec
I, [2014-04-14T08:56:30.762400 #3169]  INFO -- : 0:  rspec-mocks (2.14.6) from /Users/ejcummins/.rvm/gems/ruby-2.0.0-p353/specifications/rspec-mocks-2.14.6.gemspec
I, [2014-04-14T08:56:30.762776 #3169]  INFO -- : 0:  rspec (2.14.1) from /Users/ejcummins/.rvm/gems/ruby-2.0.0-p353/specifications/rspec-2.14.1.gemspec
I, [2014-04-14T08:56:30.763139 #3169]  INFO -- : 0:  shotgun (0.9) from /Users/ejcummins/.rvm/gems/ruby-2.0.0-p353/specifications/shotgun-0.9.gemspec
I, [2014-04-14T08:56:30.763520 #3169]  INFO -- : 0:  shoulda-matchers (2.6.0) from /Users/ejcummins/.rvm/gems/ruby-2.0.0-p353/specifications/shoulda-matchers-2.6.0.gemspec
I, [2014-04-14T08:56:30.763896 #3169]  INFO -- : 0:  tilt (1.4.1) from /Users/ejcummins/.rvm/gems/ruby-2.0.0-p353/specifications/tilt-1.4.1.gemspec
I, [2014-04-14T08:56:30.764288 #3169]  INFO -- : 0:  sinatra (1.4.5) from /Users/ejcummins/.rvm/gems/ruby-2.0.0-p353/specifications/sinatra-1.4.5.gemspec
I, [2014-04-14T08:56:30.764666 #3169]  INFO -- : 0:  sinatra-contrib (1.4.2) from /Users/ejcummins/.rvm/gems/ruby-2.0.0-p353/specifications/sinatra-contrib-1.4.2.gemspec
I, [2014-04-14T08:56:32.741287 #3169]  INFO -- : 0:  sinatra-flash (0.3.0) from /Users/ejcummins/.rvm/gems/ruby-2.0.0-p353/specifications/sinatra-flash-0.3.0.gemspec
I, [2014-04-14T08:56:32.741880 #3169]  INFO -- : 0:  thin (1.6.2) from /Users/ejcummins/.rvm/gems/ruby-2.0.0-p353/specifications/thin-1.6.2.gemspec
I, [2014-04-14T08:56:32.742282 #3169]  INFO -- : 0:  bundler (1.5.1) from /Users/ejcummins/.rvm/gems/ruby-2.0.0-p353@global/specifications/bundler-1.5.1.gemspec
I, [2014-04-14T08:58:24.010319 #3229]  INFO -- : 0:  rake (10.2.2) from /Users/ejcummins/.rvm/gems/ruby-2.0.0-p353/specifications/rake-10.2.2.gemspec
I, [2014-04-14T08:58:24.010912 #3229]  INFO -- : 0:  i18n (0.6.9) from /Users/ejcummins/.rvm/gems/ruby-2.0.0-p353/specifications/i18n-0.6.9.gemspec
I, [2014-04-14T08:58:24.011611 #3229]  INFO -- : 0:  json (1.8.1) from /Users/ejcummins/.rvm/gems/ruby-2.0.0-p353/specifications/json-1.8.1.gemspec
I, [2014-04-14T08:58:24.012069 #3229]  INFO -- : 0:  minitest (5.3.2) from /Users/ejcummins/.rvm/gems/ruby-2.0.0-p353/specifications/minitest-5.3.2.gemspec
I, [2014-04-14T08:58:24.012524 #3229]  INFO -- : 0:  thread_safe (0.3.3) from /Users/ejcummins/.rvm/gems/ruby-2.0.0-p353/specifications/thread_safe-0.3.3.gemspec
I, [2014-04-14T08:58:24.012967 #3229]  INFO -- : 0:  tzinfo (1.1.0) from /Users/ejcummins/.rvm/gems/ruby-2.0.0-p353/specifications/tzinfo-1.1.0.gemspec
I, [2014-04-14T08:58:24.013408 #3229]  INFO -- : 0:  activesupport (4.1.0) from /Users/ejcummins/.rvm/gems/ruby-2.0.0-p353/specifications/activesupport-4.1.0.gemspec
I, [2014-04-14T08:58:24.013845 #3229]  INFO -- : 0:  builder (3.2.2) from /Users/ejcummins/.rvm/gems/ruby-2.0.0-p353/specifications/builder-3.2.2.gemspec
I, [2014-04-14T08:58:24.014335 #3229]  INFO -- : 0:  activemodel (4.1.0) from /Users/ejcummins/.rvm/gems/ruby-2.0.0-p353/specifications/activemodel-4.1.0.gemspec
I, [2014-04-14T08:58:24.014743 #3229]  INFO -- : 0:  arel (5.0.0) from /Users/ejcummins/.rvm/gems/ruby-2.0.0-p353/specifications/arel-5.0.0.gemspec
I, [2014-04-14T08:58:24.015142 #3229]  INFO -- : 0:  activerecord (4.1.0) from /Users/ejcummins/.rvm/gems/ruby-2.0.0-p353/specifications/activerecord-4.1.0.gemspec
I, [2014-04-14T08:58:24.015584 #3229]  INFO -- : 0:  backports (3.6.0) from /Users/ejcummins/.rvm/gems/ruby-2.0.0-p353/specifications/backports-3.6.0.gemspec
I, [2014-04-14T08:58:24.015968 #3229]  INFO -- : 0:  bcrypt (3.1.7) from /Users/ejcummins/.rvm/gems/ruby-2.0.0-p353/specifications/bcrypt-3.1.7.gemspec
I, [2014-04-14T08:58:24.016367 #3229]  INFO -- : 0:  bcrypt-ruby (3.1.5) from /Users/ejcummins/.rvm/gems/ruby-2.0.0-p353/specifications/bcrypt-ruby-3.1.5.gemspec
I, [2014-04-14T08:58:24.016752 #3229]  INFO -- : 0:  mime-types (2.2) from /Users/ejcummins/.rvm/gems/ruby-2.0.0-p353/specifications/mime-types-2.2.gemspec
I, [2014-04-14T08:58:24.017120 #3229]  INFO -- : 0:  mini_portile (0.5.3) from /Users/ejcummins/.rvm/gems/ruby-2.0.0-p353/specifications/mini_portile-0.5.3.gemspec
I, [2014-04-14T08:58:24.017484 #3229]  INFO -- : 0:  nokogiri (1.6.1) from /Users/ejcummins/.rvm/gems/ruby-2.0.0-p353/specifications/nokogiri-1.6.1.gemspec
I, [2014-04-14T08:58:24.017860 #3229]  INFO -- : 0:  rack (1.5.2) from /Users/ejcummins/.rvm/gems/ruby-2.0.0-p353/specifications/rack-1.5.2.gemspec
I, [2014-04-14T08:58:24.018238 #3229]  INFO -- : 0:  rack-test (0.6.2) from /Users/ejcummins/.rvm/gems/ruby-2.0.0-p353/specifications/rack-test-0.6.2.gemspec
I, [2014-04-14T08:58:24.018714 #3229]  INFO -- : 0:  xpath (2.0.0) from /Users/ejcummins/.rvm/gems/ruby-2.0.0-p353/specifications/xpath-2.0.0.gemspec
I, [2014-04-14T08:58:24.019146 #3229]  INFO -- : 0:  capybara (2.2.1) from /Users/ejcummins/.rvm/gems/ruby-2.0.0-p353/specifications/capybara-2.2.1.gemspec
I, [2014-04-14T08:58:24.019532 #3229]  INFO -- : 0:  daemons (1.1.9) from /Users/ejcummins/.rvm/gems/ruby-2.0.0-p353/specifications/daemons-1.1.9.gemspec
I, [2014-04-14T08:58:24.222127 #3229]  INFO -- : 0:  database_cleaner (1.2.0) from /Users/ejcummins/.rvm/gems/ruby-2.0.0-p353/bundler/gems/database_cleaner-35bd646903fc/database_cleaner.gemspec
I, [2014-04-14T08:58:24.222784 #3229]  INFO -- : 0:  diff-lcs (1.2.5) from /Users/ejcummins/.rvm/gems/ruby-2.0.0-p353/specifications/diff-lcs-1.2.5.gemspec
I, [2014-04-14T08:58:24.223217 #3229]  INFO -- : 0:  eventmachine (1.0.3) from /Users/ejcummins/.rvm/gems/ruby-2.0.0-p353/specifications/eventmachine-1.0.3.gemspec
I, [2014-04-14T08:58:24.223637 #3229]  INFO -- : 0:  factory_girl (2.0.5) from /Users/ejcummins/.rvm/gems/ruby-2.0.0-p353/specifications/factory_girl-2.0.5.gemspec
I, [2014-04-14T08:58:24.224043 #3229]  INFO -- : 0:  faker (1.3.0) from /Users/ejcummins/.rvm/gems/ruby-2.0.0-p353/specifications/faker-1.3.0.gemspec
I, [2014-04-14T08:58:24.224442 #3229]  INFO -- : 0:  gravtastic (3.2.6) from /Users/ejcummins/.rvm/gems/ruby-2.0.0-p353/specifications/gravtastic-3.2.6.gemspec
I, [2014-04-14T08:58:24.224865 #3229]  INFO -- : 0:  multi_json (1.9.2) from /Users/ejcummins/.rvm/gems/ruby-2.0.0-p353/specifications/multi_json-1.9.2.gemspec
I, [2014-04-14T08:58:24.225271 #3229]  INFO -- : 0:  pg (0.17.1) from /Users/ejcummins/.rvm/gems/ruby-2.0.0-p353/specifications/pg-0.17.1.gemspec
I, [2014-04-14T08:58:24.225692 #3229]  INFO -- : 0:  rack-protection (1.5.3) from /Users/ejcummins/.rvm/gems/ruby-2.0.0-p353/specifications/rack-protection-1.5.3.gemspec
I, [2014-04-14T08:58:24.226109 #3229]  INFO -- : 0:  rspec-core (2.14.8) from /Users/ejcummins/.rvm/gems/ruby-2.0.0-p353/specifications/rspec-core-2.14.8.gemspec
I, [2014-04-14T08:58:24.226541 #3229]  INFO -- : 0:  rspec-expectations (2.14.5) from /Users/ejcummins/.rvm/gems/ruby-2.0.0-p353/specifications/rspec-expectations-2.14.5.gemspec
I, [2014-04-14T08:58:24.226967 #3229]  INFO -- : 0:  rspec-mocks (2.14.6) from /Users/ejcummins/.rvm/gems/ruby-2.0.0-p353/specifications/rspec-mocks-2.14.6.gemspec
I, [2014-04-14T08:58:24.227376 #3229]  INFO -- : 0:  rspec (2.14.1) from /Users/ejcummins/.rvm/gems/ruby-2.0.0-p353/specifications/rspec-2.14.1.gemspec
I, [2014-04-14T08:58:24.227772 #3229]  INFO -- : 0:  shotgun (0.9) from /Users/ejcummins/.rvm/gems/ruby-2.0.0-p353/specifications/shotgun-0.9.gemspec
I, [2014-04-14T08:58:24.228181 #3229]  INFO -- : 0:  shoulda-matchers (2.6.0) from /Users/ejcummins/.rvm/gems/ruby-2.0.0-p353/specifications/shoulda-matchers-2.6.0.gemspec
I, [2014-04-14T08:58:24.228609 #3229]  INFO -- : 0:  tilt (1.4.1) from /Users/ejcummins/.rvm/gems/ruby-2.0.0-p353/specifications/tilt-1.4.1.gemspec
I, [2014-04-14T08:58:24.229029 #3229]  INFO -- : 0:  sinatra (1.4.5) from /Users/ejcummins/.rvm/gems/ruby-2.0.0-p353/specifications/sinatra-1.4.5.gemspec
I, [2014-04-14T08:58:24.229444 #3229]  INFO -- : 0:  sinatra-contrib (1.4.2) from /Users/ejcummins/.rvm/gems/ruby-2.0.0-p353/specifications/sinatra-contrib-1.4.2.gemspec
I, [2014-04-14T08:58:24.229843 #3229]  INFO -- : 0:  sinatra-flash (0.3.0) from /Users/ejcummins/.rvm/gems/ruby-2.0.0-p353/specifications/sinatra-flash-0.3.0.gemspec
I, [2014-04-14T08:58:24.230244 #3229]  INFO -- : 0:  thin (1.6.2) from /Users/ejcummins/.rvm/gems/ruby-2.0.0-p353/specifications/thin-1.6.2.gemspec
I, [2014-04-14T08:58:24.230758 #3229]  INFO -- : 0:  bundler (1.5.1) from /Users/ejcummins/.rvm/gems/ruby-2.0.0-p353@global/specifications/bundler-1.5.1.gemspec
I, [2014-04-14T08:59:26.967147 #3267]  INFO -- : 0:  rake (10.2.2) from /Users/ejcummins/.rvm/gems/ruby-2.0.0-p353/specifications/rake-10.2.2.gemspec
I, [2014-04-14T08:59:26.967771 #3267]  INFO -- : 0:  i18n (0.6.9) from /Users/ejcummins/.rvm/gems/ruby-2.0.0-p353/specifications/i18n-0.6.9.gemspec
I, [2014-04-14T08:59:26.968209 #3267]  INFO -- : 0:  json (1.8.1) from /Users/ejcummins/.rvm/gems/ruby-2.0.0-p353/specifications/json-1.8.1.gemspec
I, [2014-04-14T08:59:26.968629 #3267]  INFO -- : 0:  minitest (5.3.2) from /Users/ejcummins/.rvm/gems/ruby-2.0.0-p353/specifications/minitest-5.3.2.gemspec
I, [2014-04-14T08:59:26.969064 #3267]  INFO -- : 0:  thread_safe (0.3.3) from /Users/ejcummins/.rvm/gems/ruby-2.0.0-p353/specifications/thread_safe-0.3.3.gemspec
I, [2014-04-14T08:59:26.969469 #3267]  INFO -- : 0:  tzinfo (1.1.0) from /Users/ejcummins/.rvm/gems/ruby-2.0.0-p353/specifications/tzinfo-1.1.0.gemspec
I, [2014-04-14T08:59:26.969861 #3267]  INFO -- : 0:  activesupport (4.1.0) from /Users/ejcummins/.rvm/gems/ruby-2.0.0-p353/specifications/activesupport-4.1.0.gemspec
I, [2014-04-14T08:59:26.970310 #3267]  INFO -- : 0:  builder (3.2.2) from /Users/ejcummins/.rvm/gems/ruby-2.0.0-p353/specifications/builder-3.2.2.gemspec
I, [2014-04-14T08:59:26.970708 #3267]  INFO -- : 0:  activemodel (4.1.0) from /Users/ejcummins/.rvm/gems/ruby-2.0.0-p353/specifications/activemodel-4.1.0.gemspec
I, [2014-04-14T08:59:26.971118 #3267]  INFO -- : 0:  arel (5.0.0) from /Users/ejcummins/.rvm/gems/ruby-2.0.0-p353/specifications/arel-5.0.0.gemspec
I, [2014-04-14T08:59:26.971520 #3267]  INFO -- : 0:  activerecord (4.1.0) from /Users/ejcummins/.rvm/gems/ruby-2.0.0-p353/specifications/activerecord-4.1.0.gemspec
I, [2014-04-14T08:59:26.971914 #3267]  INFO -- : 0:  backports (3.6.0) from /Users/ejcummins/.rvm/gems/ruby-2.0.0-p353/specifications/backports-3.6.0.gemspec
I, [2014-04-14T08:59:26.972284 #3267]  INFO -- : 0:  bcrypt (3.1.7) from /Users/ejcummins/.rvm/gems/ruby-2.0.0-p353/specifications/bcrypt-3.1.7.gemspec
I, [2014-04-14T08:59:26.972670 #3267]  INFO -- : 0:  bcrypt-ruby (3.1.5) from /Users/ejcummins/.rvm/gems/ruby-2.0.0-p353/specifications/bcrypt-ruby-3.1.5.gemspec
I, [2014-04-14T08:59:26.973065 #3267]  INFO -- : 0:  mime-types (2.2) from /Users/ejcummins/.rvm/gems/ruby-2.0.0-p353/specifications/mime-types-2.2.gemspec
I, [2014-04-14T08:59:26.973437 #3267]  INFO -- : 0:  mini_portile (0.5.3) from /Users/ejcummins/.rvm/gems/ruby-2.0.0-p353/specifications/mini_portile-0.5.3.gemspec
I, [2014-04-14T08:59:26.973804 #3267]  INFO -- : 0:  nokogiri (1.6.1) from /Users/ejcummins/.rvm/gems/ruby-2.0.0-p353/specifications/nokogiri-1.6.1.gemspec
I, [2014-04-14T08:59:26.974167 #3267]  INFO -- : 0:  rack (1.5.2) from /Users/ejcummins/.rvm/gems/ruby-2.0.0-p353/specifications/rack-1.5.2.gemspec
I, [2014-04-14T08:59:26.974536 #3267]  INFO -- : 0:  rack-test (0.6.2) from /Users/ejcummins/.rvm/gems/ruby-2.0.0-p353/specifications/rack-test-0.6.2.gemspec
I, [2014-04-14T08:59:26.975000 #3267]  INFO -- : 0:  xpath (2.0.0) from /Users/ejcummins/.rvm/gems/ruby-2.0.0-p353/specifications/xpath-2.0.0.gemspec
I, [2014-04-14T08:59:26.975456 #3267]  INFO -- : 0:  capybara (2.2.1) from /Users/ejcummins/.rvm/gems/ruby-2.0.0-p353/specifications/capybara-2.2.1.gemspec
I, [2014-04-14T08:59:26.975837 #3267]  INFO -- : 0:  daemons (1.1.9) from /Users/ejcummins/.rvm/gems/ruby-2.0.0-p353/specifications/daemons-1.1.9.gemspec
I, [2014-04-14T08:59:27.183982 #3267]  INFO -- : 0:  database_cleaner (1.2.0) from /Users/ejcummins/.rvm/gems/ruby-2.0.0-p353/bundler/gems/database_cleaner-35bd646903fc/database_cleaner.gemspec
I, [2014-04-14T08:59:27.184776 #3267]  INFO -- : 0:  diff-lcs (1.2.5) from /Users/ejcummins/.rvm/gems/ruby-2.0.0-p353/specifications/diff-lcs-1.2.5.gemspec
I, [2014-04-14T08:59:27.185212 #3267]  INFO -- : 0:  eventmachine (1.0.3) from /Users/ejcummins/.rvm/gems/ruby-2.0.0-p353/specifications/eventmachine-1.0.3.gemspec
I, [2014-04-14T08:59:27.185626 #3267]  INFO -- : 0:  factory_girl (2.0.5) from /Users/ejcummins/.rvm/gems/ruby-2.0.0-p353/specifications/factory_girl-2.0.5.gemspec
I, [2014-04-14T08:59:27.186028 #3267]  INFO -- : 0:  faker (1.3.0) from /Users/ejcummins/.rvm/gems/ruby-2.0.0-p353/specifications/faker-1.3.0.gemspec
I, [2014-04-14T08:59:27.186425 #3267]  INFO -- : 0:  gravtastic (3.2.6) from /Users/ejcummins/.rvm/gems/ruby-2.0.0-p353/specifications/gravtastic-3.2.6.gemspec
I, [2014-04-14T08:59:27.186842 #3267]  INFO -- : 0:  multi_json (1.9.2) from /Users/ejcummins/.rvm/gems/ruby-2.0.0-p353/specifications/multi_json-1.9.2.gemspec
I, [2014-04-14T08:59:27.187248 #3267]  INFO -- : 0:  pg (0.17.1) from /Users/ejcummins/.rvm/gems/ruby-2.0.0-p353/specifications/pg-0.17.1.gemspec
I, [2014-04-14T08:59:27.187667 #3267]  INFO -- : 0:  rack-protection (1.5.3) from /Users/ejcummins/.rvm/gems/ruby-2.0.0-p353/specifications/rack-protection-1.5.3.gemspec
I, [2014-04-14T08:59:27.188082 #3267]  INFO -- : 0:  rspec-core (2.14.8) from /Users/ejcummins/.rvm/gems/ruby-2.0.0-p353/specifications/rspec-core-2.14.8.gemspec
I, [2014-04-14T08:59:27.188509 #3267]  INFO -- : 0:  rspec-expectations (2.14.5) from /Users/ejcummins/.rvm/gems/ruby-2.0.0-p353/specifications/rspec-expectations-2.14.5.gemspec
I, [2014-04-14T08:59:27.188929 #3267]  INFO -- : 0:  rspec-mocks (2.14.6) from /Users/ejcummins/.rvm/gems/ruby-2.0.0-p353/specifications/rspec-mocks-2.14.6.gemspec
I, [2014-04-14T08:59:27.189331 #3267]  INFO -- : 0:  rspec (2.14.1) from /Users/ejcummins/.rvm/gems/ruby-2.0.0-p353/specifications/rspec-2.14.1.gemspec
I, [2014-04-14T08:59:27.189718 #3267]  INFO -- : 0:  shotgun (0.9) from /Users/ejcummins/.rvm/gems/ruby-2.0.0-p353/specifications/shotgun-0.9.gemspec
I, [2014-04-14T08:59:27.190117 #3267]  INFO -- : 0:  shoulda-matchers (2.6.0) from /Users/ejcummins/.rvm/gems/ruby-2.0.0-p353/specifications/shoulda-matchers-2.6.0.gemspec
I, [2014-04-14T08:59:27.190525 #3267]  INFO -- : 0:  tilt (1.4.1) from /Users/ejcummins/.rvm/gems/ruby-2.0.0-p353/specifications/tilt-1.4.1.gemspec
I, [2014-04-14T08:59:27.191090 #3267]  INFO -- : 0:  sinatra (1.4.5) from /Users/ejcummins/.rvm/gems/ruby-2.0.0-p353/specifications/sinatra-1.4.5.gemspec
I, [2014-04-14T08:59:27.191477 #3267]  INFO -- : 0:  sinatra-contrib (1.4.2) from /Users/ejcummins/.rvm/gems/ruby-2.0.0-p353/specifications/sinatra-contrib-1.4.2.gemspec
I, [2014-04-14T08:59:27.191828 #3267]  INFO -- : 0:  sinatra-flash (0.3.0) from /Users/ejcummins/.rvm/gems/ruby-2.0.0-p353/specifications/sinatra-flash-0.3.0.gemspec
I, [2014-04-14T08:59:27.192362 #3267]  INFO -- : 0:  thin (1.6.2) from /Users/ejcummins/.rvm/gems/ruby-2.0.0-p353/specifications/thin-1.6.2.gemspec
I, [2014-04-14T08:59:27.192722 #3267]  INFO -- : 0:  bundler (1.5.1) from /Users/ejcummins/.rvm/gems/ruby-2.0.0-p353@global/specifications/bundler-1.5.1.gemspec
